{"numTotalTestSuites":19,"numPassedTestSuites":19,"numFailedTestSuites":0,"numPendingTestSuites":0,"numTotalTests":27,"numPassedTests":27,"numFailedTests":0,"numPendingTests":0,"numTodoTests":0,"snapshot":{"added":0,"failure":false,"filesAdded":0,"filesRemoved":0,"filesRemovedList":[],"filesUnmatched":0,"filesUpdated":0,"matched":0,"total":0,"unchecked":0,"uncheckedKeysByFile":[],"unmatched":0,"updated":0,"didUpdate":false},"startTime":1745691409392,"success":true,"testResults":[{"assertionResults":[{"ancestorTitles":["AuthService","login()"],"fullName":"AuthService login() debe autenticar un usuario con credenciales correctas","status":"passed","title":"debe autenticar un usuario con credenciales correctas","duration":43.118334000000004,"failureMessages":[],"meta":{}},{"ancestorTitles":["AuthService","login()"],"fullName":"AuthService login() debe rechazar credenciales incorrectas","status":"passed","title":"debe rechazar credenciales incorrectas","duration":0.5314999999999941,"failureMessages":[],"meta":{}},{"ancestorTitles":["AuthService","login()"],"fullName":"AuthService login() debe rechazar usuarios inexistentes","status":"passed","title":"debe rechazar usuarios inexistentes","duration":0.33541700000000674,"failureMessages":[],"meta":{}},{"ancestorTitles":["AuthService","register()"],"fullName":"AuthService register() debe registrar un nuevo usuario","status":"passed","title":"debe registrar un nuevo usuario","duration":2.120375000000024,"failureMessages":[],"meta":{}},{"ancestorTitles":["AuthService","register()"],"fullName":"AuthService register() debe rechazar registro con username existente","status":"passed","title":"debe rechazar registro con username existente","duration":0.3512499999999932,"failureMessages":[],"meta":{}},{"ancestorTitles":["AuthService","verifyToken()"],"fullName":"AuthService verifyToken() debe verificar un token válido","status":"passed","title":"debe verificar un token válido","duration":0.466041999999959,"failureMessages":[],"meta":{}},{"ancestorTitles":["AuthService","verifyToken()"],"fullName":"AuthService verifyToken() debe rechazar un token inválido","status":"passed","title":"debe rechazar un token inválido","duration":0.25591600000001336,"failureMessages":[],"meta":{}}],"startTime":1745691409923,"endTime":1745691409971.2559,"status":"passed","message":"","name":"/Volumes/Datos/Universidad/202510/Construccion de Software/Grupo-a/grupo-a/tests/lib/orm/AuthService.test.ts"},{"assertionResults":[{"ancestorTitles":["BaseORM","initialize()"],"fullName":"BaseORM initialize() debe crear el directorio si no existe","status":"passed","title":"debe crear el directorio si no existe","duration":41.059000000000026,"failureMessages":[],"meta":{}},{"ancestorTitles":["BaseORM","initialize()"],"fullName":"BaseORM initialize() no debe crear el directorio si ya existe","status":"passed","title":"no debe crear el directorio si ya existe","duration":0.576582999999971,"failureMessages":[],"meta":{}},{"ancestorTitles":["BaseORM","findAll()"],"fullName":"BaseORM findAll() debe devolver un array vacío si no hay archivos","status":"passed","title":"debe devolver un array vacío si no hay archivos","duration":0.41433399999999665,"failureMessages":[],"meta":{}},{"ancestorTitles":["BaseORM","findAll()"],"fullName":"BaseORM findAll() debe cargar y parsear archivos JSON correctamente","status":"passed","title":"debe cargar y parsear archivos JSON correctamente","duration":1.1257499999999823,"failureMessages":[],"meta":{}}],"startTime":1745691409923,"endTime":1745691409966.1257,"status":"passed","message":"","name":"/Volumes/Datos/Universidad/202510/Construccion de Software/Grupo-a/grupo-a/tests/lib/orm/BaseORM.test.ts"},{"assertionResults":[{"ancestorTitles":["ProfileORM","findByName()"],"fullName":"ProfileORM findByName() debe encontrar perfiles por nombre con coincidencia exacta","status":"passed","title":"debe encontrar perfiles por nombre con coincidencia exacta","duration":38.089042000000006,"failureMessages":[],"meta":{}},{"ancestorTitles":["ProfileORM","findByName()"],"fullName":"ProfileORM findByName() debe encontrar perfiles por nombre con coincidencia parcial","status":"passed","title":"debe encontrar perfiles por nombre con coincidencia parcial","duration":0.8808329999999955,"failureMessages":[],"meta":{}},{"ancestorTitles":["ProfileORM","findBySkill()"],"fullName":"ProfileORM findBySkill() debe encontrar perfiles por nombre de habilidad","status":"passed","title":"debe encontrar perfiles por nombre de habilidad","duration":0.8219579999999951,"failureMessages":[],"meta":{}},{"ancestorTitles":["ProfileORM","findBySkill()"],"fullName":"ProfileORM findBySkill() debe encontrar perfiles por palabra clave de habilidad","status":"passed","title":"debe encontrar perfiles por palabra clave de habilidad","duration":0.5196670000000267,"failureMessages":[],"meta":{}},{"ancestorTitles":["ProfileORM","findBySkill()"],"fullName":"ProfileORM findBySkill() debe devolver array vacío si no hay coincidencias","status":"passed","title":"debe devolver array vacío si no hay coincidencias","duration":0.4545830000000137,"failureMessages":[],"meta":{}},{"ancestorTitles":["ProfileORM","findBySkillType()"],"fullName":"ProfileORM findBySkillType() debe encontrar perfiles por tipo de habilidad hard","status":"passed","title":"debe encontrar perfiles por tipo de habilidad hard","duration":0.3569589999999607,"failureMessages":[],"meta":{}},{"ancestorTitles":["ProfileORM","findBySkillType()"],"fullName":"ProfileORM findBySkillType() debe encontrar perfiles por tipo de habilidad soft","status":"passed","title":"debe encontrar perfiles por tipo de habilidad soft","duration":0.3807499999999777,"failureMessages":[],"meta":{}},{"ancestorTitles":["ProfileORM","addSkill()"],"fullName":"ProfileORM addSkill() debe añadir una nueva habilidad a un perfil","status":"passed","title":"debe añadir una nueva habilidad a un perfil","duration":0.8104170000000295,"failureMessages":[],"meta":{}},{"ancestorTitles":["ProfileORM","addSkill()"],"fullName":"ProfileORM addSkill() debe actualizar una habilidad existente","status":"passed","title":"debe actualizar una habilidad existente","duration":1.0743750000000318,"failureMessages":[],"meta":{}},{"ancestorTitles":["ProfileORM","removeSkill()"],"fullName":"ProfileORM removeSkill() debe eliminar una habilidad de un perfil","status":"passed","title":"debe eliminar una habilidad de un perfil","duration":0.43745799999999235,"failureMessages":[],"meta":{}},{"ancestorTitles":["ProfileORM","removeSkill()"],"fullName":"ProfileORM removeSkill() no debe modificar el perfil si la habilidad no existe","status":"passed","title":"no debe modificar el perfil si la habilidad no existe","duration":0.41695800000002237,"failureMessages":[],"meta":{}},{"ancestorTitles":["ProfileORM","validateProfile()"],"fullName":"ProfileORM validateProfile() debe validar un perfil válido sin errores","status":"passed","title":"debe validar un perfil válido sin errores","duration":1.1507499999999595,"failureMessages":[],"meta":{}},{"ancestorTitles":["ProfileORM","validateProfile()"],"fullName":"ProfileORM validateProfile() debe detectar errores en perfiles inválidos","status":"passed","title":"debe detectar errores en perfiles inválidos","duration":0.34691600000002154,"failureMessages":[],"meta":{}},{"ancestorTitles":["ProfileORM","findWithFeaturedProjects()"],"fullName":"ProfileORM findWithFeaturedProjects() debe encontrar perfiles con proyectos destacados","status":"passed","title":"debe encontrar perfiles con proyectos destacados","duration":0.3954580000000192,"failureMessages":[],"meta":{}},{"ancestorTitles":["ProfileORM","findWithFeaturedProjects()"],"fullName":"ProfileORM findWithFeaturedProjects() debe devolver array vacío si no hay proyectos destacados","status":"passed","title":"debe devolver array vacío si no hay proyectos destacados","duration":0.26795900000001893,"failureMessages":[],"meta":{}},{"ancestorTitles":["ProfileORM","getStats()"],"fullName":"ProfileORM getStats() debe calcular estadísticas correctamente","status":"passed","title":"debe calcular estadísticas correctamente","duration":0.36895800000002055,"failureMessages":[],"meta":{}}],"startTime":1745691409927,"endTime":1745691409974.369,"status":"passed","message":"","name":"/Volumes/Datos/Universidad/202510/Construccion de Software/Grupo-a/grupo-a/tests/lib/orm/ProfileORM.test.ts"}]}