{"numTotalTestSuites":19,"numPassedTestSuites":19,"numFailedTestSuites":0,"numPendingTestSuites":0,"numTotalTests":27,"numPassedTests":27,"numFailedTests":0,"numPendingTests":0,"numTodoTests":0,"snapshot":{"added":0,"failure":false,"filesAdded":0,"filesRemoved":0,"filesRemovedList":[],"filesUnmatched":0,"filesUpdated":0,"matched":0,"total":0,"unchecked":0,"uncheckedKeysByFile":[],"unmatched":0,"updated":0,"didUpdate":false},"startTime":1746926807088,"success":true,"testResults":[{"assertionResults":[{"ancestorTitles":["AuthService","login()"],"fullName":"AuthService login() debe autenticar un usuario con credenciales correctas","status":"passed","title":"debe autenticar un usuario con credenciales correctas","duration":49.40866699999992,"failureMessages":[],"meta":{}},{"ancestorTitles":["AuthService","login()"],"fullName":"AuthService login() debe rechazar credenciales incorrectas","status":"passed","title":"debe rechazar credenciales incorrectas","duration":1.4864999999999782,"failureMessages":[],"meta":{}},{"ancestorTitles":["AuthService","login()"],"fullName":"AuthService login() debe rechazar usuarios inexistentes","status":"passed","title":"debe rechazar usuarios inexistentes","duration":0.46212500000001455,"failureMessages":[],"meta":{}},{"ancestorTitles":["AuthService","register()"],"fullName":"AuthService register() debe registrar un nuevo usuario","status":"passed","title":"debe registrar un nuevo usuario","duration":2.626292000000035,"failureMessages":[],"meta":{}},{"ancestorTitles":["AuthService","register()"],"fullName":"AuthService register() debe rechazar registro con username existente","status":"passed","title":"debe rechazar registro con username existente","duration":0.4125420000000304,"failureMessages":[],"meta":{}},{"ancestorTitles":["AuthService","verifyToken()"],"fullName":"AuthService verifyToken() debe verificar un token válido","status":"passed","title":"debe verificar un token válido","duration":0.5627499999999372,"failureMessages":[],"meta":{}},{"ancestorTitles":["AuthService","verifyToken()"],"fullName":"AuthService verifyToken() debe rechazar un token inválido","status":"passed","title":"debe rechazar un token inválido","duration":0.29104099999995015,"failureMessages":[],"meta":{}}],"startTime":1746926807694,"endTime":1746926807750.5627,"status":"passed","message":"","name":"/Volumes/Datos/Universidad/202510/Construccion de Software/Grupo-a/nrc-23731/grupo-a/tests/lib/orm/AuthService.test.ts"},{"assertionResults":[{"ancestorTitles":["BaseORM","initialize()"],"fullName":"BaseORM initialize() debe crear el directorio si no existe","status":"passed","title":"debe crear el directorio si no existe","duration":48.162291000000096,"failureMessages":[],"meta":{}},{"ancestorTitles":["BaseORM","initialize()"],"fullName":"BaseORM initialize() no debe crear el directorio si ya existe","status":"passed","title":"no debe crear el directorio si ya existe","duration":0.7200420000000349,"failureMessages":[],"meta":{}},{"ancestorTitles":["BaseORM","findAll()"],"fullName":"BaseORM findAll() debe devolver un array vacío si no hay archivos","status":"passed","title":"debe devolver un array vacío si no hay archivos","duration":0.4965419999999767,"failureMessages":[],"meta":{}},{"ancestorTitles":["BaseORM","findAll()"],"fullName":"BaseORM findAll() debe cargar y parsear archivos JSON correctamente","status":"passed","title":"debe cargar y parsear archivos JSON correctamente","duration":1.6040830000000597,"failureMessages":[],"meta":{}}],"startTime":1746926807692,"endTime":1746926807743.604,"status":"passed","message":"","name":"/Volumes/Datos/Universidad/202510/Construccion de Software/Grupo-a/nrc-23731/grupo-a/tests/lib/orm/BaseORM.test.ts"},{"assertionResults":[{"ancestorTitles":["ProfileORM","findByName()"],"fullName":"ProfileORM findByName() debe encontrar perfiles por nombre con coincidencia exacta","status":"passed","title":"debe encontrar perfiles por nombre con coincidencia exacta","duration":79.56545799999998,"failureMessages":[],"meta":{}},{"ancestorTitles":["ProfileORM","findByName()"],"fullName":"ProfileORM findByName() debe encontrar perfiles por nombre con coincidencia parcial","status":"passed","title":"debe encontrar perfiles por nombre con coincidencia parcial","duration":1.0509999999999309,"failureMessages":[],"meta":{}},{"ancestorTitles":["ProfileORM","findBySkill()"],"fullName":"ProfileORM findBySkill() debe encontrar perfiles por nombre de habilidad","status":"passed","title":"debe encontrar perfiles por nombre de habilidad","duration":1.2223749999999427,"failureMessages":[],"meta":{}},{"ancestorTitles":["ProfileORM","findBySkill()"],"fullName":"ProfileORM findBySkill() debe encontrar perfiles por palabra clave de habilidad","status":"passed","title":"debe encontrar perfiles por palabra clave de habilidad","duration":0.9040830000000142,"failureMessages":[],"meta":{}},{"ancestorTitles":["ProfileORM","findBySkill()"],"fullName":"ProfileORM findBySkill() debe devolver array vacío si no hay coincidencias","status":"passed","title":"debe devolver array vacío si no hay coincidencias","duration":0.6379590000000235,"failureMessages":[],"meta":{}},{"ancestorTitles":["ProfileORM","findBySkillType()"],"fullName":"ProfileORM findBySkillType() debe encontrar perfiles por tipo de habilidad hard","status":"passed","title":"debe encontrar perfiles por tipo de habilidad hard","duration":0.8694580000000087,"failureMessages":[],"meta":{}},{"ancestorTitles":["ProfileORM","findBySkillType()"],"fullName":"ProfileORM findBySkillType() debe encontrar perfiles por tipo de habilidad soft","status":"passed","title":"debe encontrar perfiles por tipo de habilidad soft","duration":0.680582999999956,"failureMessages":[],"meta":{}},{"ancestorTitles":["ProfileORM","addSkill()"],"fullName":"ProfileORM addSkill() debe añadir una nueva habilidad a un perfil","status":"passed","title":"debe añadir una nueva habilidad a un perfil","duration":1.21225000000004,"failureMessages":[],"meta":{}},{"ancestorTitles":["ProfileORM","addSkill()"],"fullName":"ProfileORM addSkill() debe actualizar una habilidad existente","status":"passed","title":"debe actualizar una habilidad existente","duration":1.3668329999999287,"failureMessages":[],"meta":{}},{"ancestorTitles":["ProfileORM","removeSkill()"],"fullName":"ProfileORM removeSkill() debe eliminar una habilidad de un perfil","status":"passed","title":"debe eliminar una habilidad de un perfil","duration":0.5397500000000264,"failureMessages":[],"meta":{}},{"ancestorTitles":["ProfileORM","removeSkill()"],"fullName":"ProfileORM removeSkill() no debe modificar el perfil si la habilidad no existe","status":"passed","title":"no debe modificar el perfil si la habilidad no existe","duration":0.4779999999999518,"failureMessages":[],"meta":{}},{"ancestorTitles":["ProfileORM","validateProfile()"],"fullName":"ProfileORM validateProfile() debe validar un perfil válido sin errores","status":"passed","title":"debe validar un perfil válido sin errores","duration":0.3135410000001002,"failureMessages":[],"meta":{}},{"ancestorTitles":["ProfileORM","validateProfile()"],"fullName":"ProfileORM validateProfile() debe detectar errores en perfiles inválidos","status":"passed","title":"debe detectar errores en perfiles inválidos","duration":1.4095829999999978,"failureMessages":[],"meta":{}},{"ancestorTitles":["ProfileORM","findWithFeaturedProjects()"],"fullName":"ProfileORM findWithFeaturedProjects() debe encontrar perfiles con proyectos destacados","status":"passed","title":"debe encontrar perfiles con proyectos destacados","duration":0.7568330000000287,"failureMessages":[],"meta":{}},{"ancestorTitles":["ProfileORM","findWithFeaturedProjects()"],"fullName":"ProfileORM findWithFeaturedProjects() debe devolver array vacío si no hay proyectos destacados","status":"passed","title":"debe devolver array vacío si no hay proyectos destacados","duration":2.146708999999987,"failureMessages":[],"meta":{}},{"ancestorTitles":["ProfileORM","getStats()"],"fullName":"ProfileORM getStats() debe calcular estadísticas correctamente","status":"passed","title":"debe calcular estadísticas correctamente","duration":0.6096250000000509,"failureMessages":[],"meta":{}}],"startTime":1746926807661,"endTime":1746926807756.6096,"status":"passed","message":"","name":"/Volumes/Datos/Universidad/202510/Construccion de Software/Grupo-a/nrc-23731/grupo-a/tests/lib/orm/ProfileORM.test.ts"}]}